<?xml version="1.0" encoding="UTF-8"?>
<testsuite name="com.telran.scheduler.tests.EventCreationTests" tests="1" skipped="0" failures="0" errors="0" timestamp="2021-11-24T17:35:31" hostname="asus-pro" time="45.55">
  <properties/>
  <testcase name="eventCreationChangeDateTestOfRegisteredUserTest" classname="com.telran.scheduler.tests.EventCreationTests" time="45.55"/>
  <system-out><![CDATA[]]></system-out>
  <system-err><![CDATA[Nov 24, 2021 8:35:15 PM io.appium.java_client.remote.AppiumCommandExecutor$1 lambda$0
INFO: Detected dialect: W3C
]]></system-err>
</testsuite>
